<?xml version="1.0" encoding="UTF-8"?>
<testsuite xmlns:xsi="http://www.w3.org/2001/XMLSchema-instance" xsi:noNamespaceSchemaLocation="https://maven.apache.org/surefire/maven-surefire-plugin/xsd/surefire-test-report-3.0.xsd" version="3.0" name="TestSuite" time="129.387" tests="132" errors="0" skipped="0" failures="7">
  <properties>
    <property name="sun.desktop" value="windows"/>
    <property name="awt.toolkit" value="sun.awt.windows.WToolkit"/>
    <property name="java.specification.version" value="12"/>
    <property name="sun.cpu.isalist" value="amd64"/>
    <property name="sun.jnu.encoding" value="Cp1252"/>
    <property name="java.class.path" value="C:\Users\saurabh.chauhan\eclipse-workspace\AtmecsAutomation\target\test-classes;C:\Users\saurabh.chauhan\eclipse-workspace\AtmecsAutomation\target\classes;C:\Users\saurabh.chauhan\.m2\repository\log4j\log4j\1.2.17\log4j-1.2.17.jar;C:\Users\saurabh.chauhan\.m2\repository\org\seleniumhq\selenium\selenium-java\3.141.59\selenium-java-3.141.59.jar;C:\Users\saurabh.chauhan\.m2\repository\org\seleniumhq\selenium\selenium-api\3.141.59\selenium-api-3.141.59.jar;C:\Users\saurabh.chauhan\.m2\repository\org\seleniumhq\selenium\selenium-chrome-driver\3.141.59\selenium-chrome-driver-3.141.59.jar;C:\Users\saurabh.chauhan\.m2\repository\org\seleniumhq\selenium\selenium-edge-driver\3.141.59\selenium-edge-driver-3.141.59.jar;C:\Users\saurabh.chauhan\.m2\repository\org\seleniumhq\selenium\selenium-firefox-driver\3.141.59\selenium-firefox-driver-3.141.59.jar;C:\Users\saurabh.chauhan\.m2\repository\org\seleniumhq\selenium\selenium-ie-driver\3.141.59\selenium-ie-driver-3.141.59.jar;C:\Users\saurabh.chauhan\.m2\repository\org\seleniumhq\selenium\selenium-opera-driver\3.141.59\selenium-opera-driver-3.141.59.jar;C:\Users\saurabh.chauhan\.m2\repository\org\seleniumhq\selenium\selenium-safari-driver\3.141.59\selenium-safari-driver-3.141.59.jar;C:\Users\saurabh.chauhan\.m2\repository\org\seleniumhq\selenium\selenium-support\3.141.59\selenium-support-3.141.59.jar;C:\Users\saurabh.chauhan\.m2\repository\net\bytebuddy\byte-buddy\1.8.15\byte-buddy-1.8.15.jar;C:\Users\saurabh.chauhan\.m2\repository\org\apache\commons\commons-exec\1.3\commons-exec-1.3.jar;C:\Users\saurabh.chauhan\.m2\repository\com\google\guava\guava\25.0-jre\guava-25.0-jre.jar;C:\Users\saurabh.chauhan\.m2\repository\com\google\code\findbugs\jsr305\1.3.9\jsr305-1.3.9.jar;C:\Users\saurabh.chauhan\.m2\repository\org\checkerframework\checker-compat-qual\2.0.0\checker-compat-qual-2.0.0.jar;C:\Users\saurabh.chauhan\.m2\repository\com\google\errorprone\error_prone_annotations\2.1.3\error_prone_annotations-2.1.3.jar;C:\Users\saurabh.chauhan\.m2\repository\com\google\j2objc\j2objc-annotations\1.1\j2objc-annotations-1.1.jar;C:\Users\saurabh.chauhan\.m2\repository\org\codehaus\mojo\animal-sniffer-annotations\1.14\animal-sniffer-annotations-1.14.jar;C:\Users\saurabh.chauhan\.m2\repository\com\squareup\okhttp3\okhttp\3.11.0\okhttp-3.11.0.jar;C:\Users\saurabh.chauhan\.m2\repository\com\squareup\okio\okio\1.14.0\okio-1.14.0.jar;C:\Users\saurabh.chauhan\.m2\repository\org\testng\testng\6.14.3\testng-6.14.3.jar;C:\Users\saurabh.chauhan\.m2\repository\com\beust\jcommander\1.72\jcommander-1.72.jar;C:\Users\saurabh.chauhan\.m2\repository\org\apache-extras\beanshell\bsh\2.0b6\bsh-2.0b6.jar;C:\Users\saurabh.chauhan\.m2\repository\org\apache\poi\poi-ooxml\4.1.0\poi-ooxml-4.1.0.jar;C:\Users\saurabh.chauhan\.m2\repository\org\apache\poi\poi\4.1.0\poi-4.1.0.jar;C:\Users\saurabh.chauhan\.m2\repository\commons-codec\commons-codec\1.12\commons-codec-1.12.jar;C:\Users\saurabh.chauhan\.m2\repository\org\apache\commons\commons-collections4\4.3\commons-collections4-4.3.jar;C:\Users\saurabh.chauhan\.m2\repository\org\apache\commons\commons-math3\3.6.1\commons-math3-3.6.1.jar;C:\Users\saurabh.chauhan\.m2\repository\org\apache\poi\poi-ooxml-schemas\4.1.0\poi-ooxml-schemas-4.1.0.jar;C:\Users\saurabh.chauhan\.m2\repository\org\apache\xmlbeans\xmlbeans\3.1.0\xmlbeans-3.1.0.jar;C:\Users\saurabh.chauhan\.m2\repository\org\apache\commons\commons-compress\1.18\commons-compress-1.18.jar;C:\Users\saurabh.chauhan\.m2\repository\com\github\virtuald\curvesapi\1.06\curvesapi-1.06.jar;C:\Users\saurabh.chauhan\.m2\repository\com\relevantcodes\extentreports\2.41.2\extentreports-2.41.2.jar;C:\Users\saurabh.chauhan\.m2\repository\org\jsoup\jsoup\1.8.3\jsoup-1.8.3.jar;C:\Users\saurabh.chauhan\.m2\repository\org\xerial\sqlite-jdbc\3.8.11.1\sqlite-jdbc-3.8.11.1.jar;C:\Users\saurabh.chauhan\.m2\repository\org\freemarker\freemarker\2.3.23\freemarker-2.3.23.jar;C:\Users\saurabh.chauhan\.m2\repository\org\mongodb\mongodb-driver\3.0.4\mongodb-driver-3.0.4.jar;C:\Users\saurabh.chauhan\.m2\repository\org\mongodb\mongodb-driver-core\3.0.4\mongodb-driver-core-3.0.4.jar;C:\Users\saurabh.chauhan\.m2\repository\com\aventstack\extentreports\4.0.6\extentreports-4.0.6.jar;C:\Users\saurabh.chauhan\.m2\repository\org\mongodb\bson\3.3.0\bson-3.3.0.jar;C:\Users\saurabh.chauhan\.m2\repository\org\apache\httpcomponents\httpclient\4.5.2\httpclient-4.5.2.jar;C:\Users\saurabh.chauhan\.m2\repository\org\apache\httpcomponents\httpcore\4.4.4\httpcore-4.4.4.jar;C:\Users\saurabh.chauhan\.m2\repository\commons-logging\commons-logging\1.2\commons-logging-1.2.jar;C:\Users\saurabh.chauhan\.m2\repository\org\apache\httpcomponents\httpmime\4.5.2\httpmime-4.5.2.jar;C:\Users\saurabh.chauhan\.m2\repository\com\google\code\gson\gson\2.8.5\gson-2.8.5.jar;C:\Users\saurabh.chauhan\.m2\repository\commons-io\commons-io\2.4\commons-io-2.4.jar;C:\Users\saurabh.chauhan\.m2\repository\org\seleniumhq\selenium\selenium-remote-driver\3.141.59\selenium-remote-driver-3.141.59.jar;"/>
    <property name="java.vm.vendor" value="Oracle Corporation"/>
    <property name="sun.arch.data.model" value="64"/>
    <property name="user.variant" value=""/>
    <property name="java.vendor.url" value="https://java.oracle.com/"/>
    <property name="user.timezone" value="Asia/Calcutta"/>
    <property name="os.name" value="Windows 10"/>
    <property name="java.vm.specification.version" value="12"/>
    <property name="sun.java.launcher" value="SUN_STANDARD"/>
    <property name="user.country" value="US"/>
    <property name="sun.boot.library.path" value="C:\Program Files\Java\jdk-12.0.1\bin"/>
    <property name="sun.java.command" value="C:\Users\saurabh.chauhan\AppData\Local\Temp\surefire12669429400699758259\surefirebooter5206075971252620624.jar C:\Users\saurabh.chauhan\AppData\Local\Temp\surefire12669429400699758259 2019-10-01T11-32-01_143-jvmRun1 surefire5336003716175314746tmp surefire_04827139859869620225tmp"/>
    <property name="jdk.debug" value="release"/>
    <property name="surefire.test.class.path" value="C:\Users\saurabh.chauhan\eclipse-workspace\AtmecsAutomation\target\test-classes;C:\Users\saurabh.chauhan\eclipse-workspace\AtmecsAutomation\target\classes;C:\Users\saurabh.chauhan\.m2\repository\log4j\log4j\1.2.17\log4j-1.2.17.jar;C:\Users\saurabh.chauhan\.m2\repository\org\seleniumhq\selenium\selenium-java\3.141.59\selenium-java-3.141.59.jar;C:\Users\saurabh.chauhan\.m2\repository\org\seleniumhq\selenium\selenium-api\3.141.59\selenium-api-3.141.59.jar;C:\Users\saurabh.chauhan\.m2\repository\org\seleniumhq\selenium\selenium-chrome-driver\3.141.59\selenium-chrome-driver-3.141.59.jar;C:\Users\saurabh.chauhan\.m2\repository\org\seleniumhq\selenium\selenium-edge-driver\3.141.59\selenium-edge-driver-3.141.59.jar;C:\Users\saurabh.chauhan\.m2\repository\org\seleniumhq\selenium\selenium-firefox-driver\3.141.59\selenium-firefox-driver-3.141.59.jar;C:\Users\saurabh.chauhan\.m2\repository\org\seleniumhq\selenium\selenium-ie-driver\3.141.59\selenium-ie-driver-3.141.59.jar;C:\Users\saurabh.chauhan\.m2\repository\org\seleniumhq\selenium\selenium-opera-driver\3.141.59\selenium-opera-driver-3.141.59.jar;C:\Users\saurabh.chauhan\.m2\repository\org\seleniumhq\selenium\selenium-safari-driver\3.141.59\selenium-safari-driver-3.141.59.jar;C:\Users\saurabh.chauhan\.m2\repository\org\seleniumhq\selenium\selenium-support\3.141.59\selenium-support-3.141.59.jar;C:\Users\saurabh.chauhan\.m2\repository\net\bytebuddy\byte-buddy\1.8.15\byte-buddy-1.8.15.jar;C:\Users\saurabh.chauhan\.m2\repository\org\apache\commons\commons-exec\1.3\commons-exec-1.3.jar;C:\Users\saurabh.chauhan\.m2\repository\com\google\guava\guava\25.0-jre\guava-25.0-jre.jar;C:\Users\saurabh.chauhan\.m2\repository\com\google\code\findbugs\jsr305\1.3.9\jsr305-1.3.9.jar;C:\Users\saurabh.chauhan\.m2\repository\org\checkerframework\checker-compat-qual\2.0.0\checker-compat-qual-2.0.0.jar;C:\Users\saurabh.chauhan\.m2\repository\com\google\errorprone\error_prone_annotations\2.1.3\error_prone_annotations-2.1.3.jar;C:\Users\saurabh.chauhan\.m2\repository\com\google\j2objc\j2objc-annotations\1.1\j2objc-annotations-1.1.jar;C:\Users\saurabh.chauhan\.m2\repository\org\codehaus\mojo\animal-sniffer-annotations\1.14\animal-sniffer-annotations-1.14.jar;C:\Users\saurabh.chauhan\.m2\repository\com\squareup\okhttp3\okhttp\3.11.0\okhttp-3.11.0.jar;C:\Users\saurabh.chauhan\.m2\repository\com\squareup\okio\okio\1.14.0\okio-1.14.0.jar;C:\Users\saurabh.chauhan\.m2\repository\org\testng\testng\6.14.3\testng-6.14.3.jar;C:\Users\saurabh.chauhan\.m2\repository\com\beust\jcommander\1.72\jcommander-1.72.jar;C:\Users\saurabh.chauhan\.m2\repository\org\apache-extras\beanshell\bsh\2.0b6\bsh-2.0b6.jar;C:\Users\saurabh.chauhan\.m2\repository\org\apache\poi\poi-ooxml\4.1.0\poi-ooxml-4.1.0.jar;C:\Users\saurabh.chauhan\.m2\repository\org\apache\poi\poi\4.1.0\poi-4.1.0.jar;C:\Users\saurabh.chauhan\.m2\repository\commons-codec\commons-codec\1.12\commons-codec-1.12.jar;C:\Users\saurabh.chauhan\.m2\repository\org\apache\commons\commons-collections4\4.3\commons-collections4-4.3.jar;C:\Users\saurabh.chauhan\.m2\repository\org\apache\commons\commons-math3\3.6.1\commons-math3-3.6.1.jar;C:\Users\saurabh.chauhan\.m2\repository\org\apache\poi\poi-ooxml-schemas\4.1.0\poi-ooxml-schemas-4.1.0.jar;C:\Users\saurabh.chauhan\.m2\repository\org\apache\xmlbeans\xmlbeans\3.1.0\xmlbeans-3.1.0.jar;C:\Users\saurabh.chauhan\.m2\repository\org\apache\commons\commons-compress\1.18\commons-compress-1.18.jar;C:\Users\saurabh.chauhan\.m2\repository\com\github\virtuald\curvesapi\1.06\curvesapi-1.06.jar;C:\Users\saurabh.chauhan\.m2\repository\com\relevantcodes\extentreports\2.41.2\extentreports-2.41.2.jar;C:\Users\saurabh.chauhan\.m2\repository\org\jsoup\jsoup\1.8.3\jsoup-1.8.3.jar;C:\Users\saurabh.chauhan\.m2\repository\org\xerial\sqlite-jdbc\3.8.11.1\sqlite-jdbc-3.8.11.1.jar;C:\Users\saurabh.chauhan\.m2\repository\org\freemarker\freemarker\2.3.23\freemarker-2.3.23.jar;C:\Users\saurabh.chauhan\.m2\repository\org\mongodb\mongodb-driver\3.0.4\mongodb-driver-3.0.4.jar;C:\Users\saurabh.chauhan\.m2\repository\org\mongodb\mongodb-driver-core\3.0.4\mongodb-driver-core-3.0.4.jar;C:\Users\saurabh.chauhan\.m2\repository\com\aventstack\extentreports\4.0.6\extentreports-4.0.6.jar;C:\Users\saurabh.chauhan\.m2\repository\org\mongodb\bson\3.3.0\bson-3.3.0.jar;C:\Users\saurabh.chauhan\.m2\repository\org\apache\httpcomponents\httpclient\4.5.2\httpclient-4.5.2.jar;C:\Users\saurabh.chauhan\.m2\repository\org\apache\httpcomponents\httpcore\4.4.4\httpcore-4.4.4.jar;C:\Users\saurabh.chauhan\.m2\repository\commons-logging\commons-logging\1.2\commons-logging-1.2.jar;C:\Users\saurabh.chauhan\.m2\repository\org\apache\httpcomponents\httpmime\4.5.2\httpmime-4.5.2.jar;C:\Users\saurabh.chauhan\.m2\repository\com\google\code\gson\gson\2.8.5\gson-2.8.5.jar;C:\Users\saurabh.chauhan\.m2\repository\commons-io\commons-io\2.4\commons-io-2.4.jar;C:\Users\saurabh.chauhan\.m2\repository\org\seleniumhq\selenium\selenium-remote-driver\3.141.59\selenium-remote-driver-3.141.59.jar;"/>
    <property name="sun.cpu.endian" value="little"/>
    <property name="user.home" value="C:\Users\saurabh.chauhan"/>
    <property name="user.language" value="en"/>
    <property name="java.specification.vendor" value="Oracle Corporation"/>
    <property name="java.version.date" value="2019-04-16"/>
    <property name="java.home" value="C:\Program Files\Java\jdk-12.0.1"/>
    <property name="file.separator" value="\"/>
    <property name="basedir" value="C:\Users\saurabh.chauhan\eclipse-workspace\AtmecsAutomation"/>
    <property name="java.vm.compressedOopsMode" value="32-bit"/>
    <property name="line.separator" value="&#10;"/>
    <property name="java.vm.specification.vendor" value="Oracle Corporation"/>
    <property name="java.specification.name" value="Java Platform API Specification"/>
    <property name="java.awt.graphicsenv" value="sun.awt.Win32GraphicsEnvironment"/>
    <property name="surefire.real.class.path" value="C:\Users\saurabh.chauhan\AppData\Local\Temp\surefire12669429400699758259\surefirebooter5206075971252620624.jar"/>
    <property name="user.script" value=""/>
    <property name="sun.management.compiler" value="HotSpot 64-Bit Tiered Compilers"/>
    <property name="java.runtime.version" value="12.0.1+12"/>
    <property name="user.name" value="saurabh.chauhan"/>
    <property name="path.separator" value=";"/>
    <property name="os.version" value="10.0"/>
    <property name="java.runtime.name" value="Java(TM) SE Runtime Environment"/>
    <property name="file.encoding" value="Cp1252"/>
    <property name="java.vm.name" value="Java HotSpot(TM) 64-Bit Server VM"/>
    <property name="localRepository" value="C:\Users\saurabh.chauhan\.m2\repository"/>
    <property name="java.vendor.url.bug" value="https://bugreport.java.com/bugreport/"/>
    <property name="java.io.tmpdir" value="C:\Users\SAURAB~1.CHA\AppData\Local\Temp\"/>
    <property name="java.version" value="12.0.1"/>
    <property name="user.dir" value="C:\Users\saurabh.chauhan\eclipse-workspace\AtmecsAutomation"/>
    <property name="os.arch" value="amd64"/>
    <property name="java.vm.specification.name" value="Java Virtual Machine Specification"/>
    <property name="sun.os.patch.level" value=""/>
    <property name="java.library.path" value="C:\Program Files\Java\jdk-12.0.1\bin;C:\Windows\Sun\Java\bin;C:\Windows\system32;C:\Windows;C:/Program Files/Java/jdk-12.0.1/bin/server;C:/Program Files/Java/jdk-12.0.1/bin;C:\Windows\system32;C:\Windows;C:\Windows\System32\Wbem;C:\Windows\System32\WindowsPowerShell\v1.0\;C:\Windows\System32\OpenSSH\;C:\Program Files\Git\cmd;C:\Program Files\Microsoft SQL Server\Client SDK\ODBC\130\Tools\Binn\;C:\Program Files (x86)\Microsoft SQL Server\140\Tools\Binn\;C:\Program Files\Microsoft SQL Server\140\Tools\Binn\;C:\Program Files\Microsoft SQL Server\140\DTS\Binn\;C:\Program Files (x86)\Microsoft SQL Server\150\DTS\Binn\;C:\Program Files\Java\jdk-12.0.1\bin;C:\apache-maven-3.6.1\bin;C:\Program Files\MySQL\MySQL Shell 8.0\bin\;C:\Users\saurabh.chauhan\Desktop;;."/>
    <property name="java.vm.info" value="mixed mode, sharing"/>
    <property name="java.vendor" value="Oracle Corporation"/>
    <property name="java.vm.version" value="12.0.1+12"/>
    <property name="sun.io.unicode.encoding" value="UnicodeLittle"/>
    <property name="java.class.version" value="56.0"/>
  </properties>
  <testcase name="homePageRedirection" classname="com.atmecs.testScripts.HomePagetestscripts" time="0.108"/>
  <testcase name="clickHeaderServices" classname="com.atmecs.testScripts.HomePagetestscripts" time="5.607"/>
  <testcase name="validatefooterForServices" classname="com.atmecs.testScripts.HomePagetestscripts" time="0.061"/>
  <testcase name="validatefooterForServices" classname="com.atmecs.testScripts.HomePagetestscripts" time="0.055"/>
  <testcase name="validatefooterForServices" classname="com.atmecs.testScripts.HomePagetestscripts" time="0.054"/>
  <testcase name="validatefooterForServices" classname="com.atmecs.testScripts.HomePagetestscripts" time="0.05"/>
  <testcase name="validatefooterForServices" classname="com.atmecs.testScripts.HomePagetestscripts" time="0.049"/>
  <testcase name="validatefooterForServices" classname="com.atmecs.testScripts.HomePagetestscripts" time="0.046"/>
  <testcase name="validatefooterForServices" classname="com.atmecs.testScripts.HomePagetestscripts" time="0.048"/>
  <testcase name="validatefooterForServices" classname="com.atmecs.testScripts.HomePagetestscripts" time="0.045"/>
  <testcase name="validatefooterForServices" classname="com.atmecs.testScripts.HomePagetestscripts" time="0.061"/>
  <testcase name="validatefooterForServices" classname="com.atmecs.testScripts.HomePagetestscripts" time="0.058"/>
  <testcase name="validatefooterForServices" classname="com.atmecs.testScripts.HomePagetestscripts" time="0.05"/>
  <testcase name="validatefooterForServices" classname="com.atmecs.testScripts.HomePagetestscripts" time="0.049"/>
  <testcase name="validatefooterForServices" classname="com.atmecs.testScripts.HomePagetestscripts" time="0.049"/>
  <testcase name="validatefooterForServices" classname="com.atmecs.testScripts.HomePagetestscripts" time="0.044"/>
  <testcase name="validatefooterForServices" classname="com.atmecs.testScripts.HomePagetestscripts" time="0.001"/>
  <testcase name="clickHeaderCareers" classname="com.atmecs.testScripts.HomePagetestscripts" time="2.592"/>
  <testcase name="validatefooterForCareers" classname="com.atmecs.testScripts.HomePagetestscripts" time="0.078"/>
  <testcase name="validatefooterForCareers" classname="com.atmecs.testScripts.HomePagetestscripts" time="0.062"/>
  <testcase name="validatefooterForCareers" classname="com.atmecs.testScripts.HomePagetestscripts" time="0.06"/>
  <testcase name="validatefooterForCareers" classname="com.atmecs.testScripts.HomePagetestscripts" time="0.06"/>
  <testcase name="validatefooterForCareers" classname="com.atmecs.testScripts.HomePagetestscripts" time="0.06"/>
  <testcase name="validatefooterForCareers" classname="com.atmecs.testScripts.HomePagetestscripts" time="0.056"/>
  <testcase name="validatefooterForCareers" classname="com.atmecs.testScripts.HomePagetestscripts" time="0.053"/>
  <testcase name="validatefooterForCareers" classname="com.atmecs.testScripts.HomePagetestscripts" time="0.052"/>
  <testcase name="validatefooterForCareers" classname="com.atmecs.testScripts.HomePagetestscripts" time="0.046"/>
  <testcase name="validatefooterForCareers" classname="com.atmecs.testScripts.HomePagetestscripts" time="0.047"/>
  <testcase name="validatefooterForCareers" classname="com.atmecs.testScripts.HomePagetestscripts" time="0.057"/>
  <testcase name="validatefooterForCareers" classname="com.atmecs.testScripts.HomePagetestscripts" time="0.042"/>
  <testcase name="validatefooterForCareers" classname="com.atmecs.testScripts.HomePagetestscripts" time="0.049"/>
  <testcase name="validatefooterForCareers" classname="com.atmecs.testScripts.HomePagetestscripts" time="0.055"/>
  <testcase name="validatefooterForCareers" classname="com.atmecs.testScripts.HomePagetestscripts" time="0.001"/>
  <testcase name="clickHeaderAboutUs" classname="com.atmecs.testScripts.HomePagetestscripts" time="2.263"/>
  <testcase name="validatefooterForAboutUs" classname="com.atmecs.testScripts.HomePagetestscripts" time="0.048"/>
  <testcase name="validatefooterForAboutUs" classname="com.atmecs.testScripts.HomePagetestscripts" time="0.047"/>
  <testcase name="validatefooterForAboutUs" classname="com.atmecs.testScripts.HomePagetestscripts" time="0.048"/>
  <testcase name="validatefooterForAboutUs" classname="com.atmecs.testScripts.HomePagetestscripts" time="0.053"/>
  <testcase name="validatefooterForAboutUs" classname="com.atmecs.testScripts.HomePagetestscripts" time="0.042"/>
  <testcase name="validatefooterForAboutUs" classname="com.atmecs.testScripts.HomePagetestscripts" time="0.047"/>
  <testcase name="validatefooterForAboutUs" classname="com.atmecs.testScripts.HomePagetestscripts" time="0.046"/>
  <testcase name="validatefooterForAboutUs" classname="com.atmecs.testScripts.HomePagetestscripts" time="0.046"/>
  <testcase name="validatefooterForAboutUs" classname="com.atmecs.testScripts.HomePagetestscripts" time="0.051"/>
  <testcase name="validatefooterForAboutUs" classname="com.atmecs.testScripts.HomePagetestscripts" time="0.043"/>
  <testcase name="validatefooterForAboutUs" classname="com.atmecs.testScripts.HomePagetestscripts" time="0.047"/>
  <testcase name="validatefooterForAboutUs" classname="com.atmecs.testScripts.HomePagetestscripts" time="0.041"/>
  <testcase name="validatefooterForAboutUs" classname="com.atmecs.testScripts.HomePagetestscripts" time="0.044"/>
  <testcase name="validatefooterForAboutUs" classname="com.atmecs.testScripts.HomePagetestscripts" time="0.048"/>
  <testcase name="validatefooterForAboutUs" classname="com.atmecs.testScripts.HomePagetestscripts" time="0.001"/>
  <testcase name="clickHeaderPartners" classname="com.atmecs.testScripts.HomePagetestscripts" time="3.023"/>
  <testcase name="validatefooterForPartner" classname="com.atmecs.testScripts.HomePagetestscripts" time="0.095"/>
  <testcase name="validatefooterForPartner" classname="com.atmecs.testScripts.HomePagetestscripts" time="0.061"/>
  <testcase name="validatefooterForPartner" classname="com.atmecs.testScripts.HomePagetestscripts" time="0.049"/>
  <testcase name="validatefooterForPartner" classname="com.atmecs.testScripts.HomePagetestscripts" time="0.051"/>
  <testcase name="validatefooterForPartner" classname="com.atmecs.testScripts.HomePagetestscripts" time="0.051"/>
  <testcase name="validatefooterForPartner" classname="com.atmecs.testScripts.HomePagetestscripts" time="0.047"/>
  <testcase name="validatefooterForPartner" classname="com.atmecs.testScripts.HomePagetestscripts" time="0.059"/>
  <testcase name="validatefooterForPartner" classname="com.atmecs.testScripts.HomePagetestscripts" time="0.059"/>
  <testcase name="validatefooterForPartner" classname="com.atmecs.testScripts.HomePagetestscripts" time="0.048"/>
  <testcase name="validatefooterForPartner" classname="com.atmecs.testScripts.HomePagetestscripts" time="0.053"/>
  <testcase name="validatefooterForPartner" classname="com.atmecs.testScripts.HomePagetestscripts" time="0.042"/>
  <testcase name="validatefooterForPartner" classname="com.atmecs.testScripts.HomePagetestscripts" time="0.043"/>
  <testcase name="validatefooterForPartner" classname="com.atmecs.testScripts.HomePagetestscripts" time="0.042"/>
  <testcase name="validatefooterForPartner" classname="com.atmecs.testScripts.HomePagetestscripts" time="0.038"/>
  <testcase name="validatefooterForPartner" classname="com.atmecs.testScripts.HomePagetestscripts" time="0.002"/>
  <testcase name="clickHeaderMedia" classname="com.atmecs.testScripts.HomePagetestscripts" time="0.076"/>
  <testcase name="validatefooterForMedia" classname="com.atmecs.testScripts.HomePagetestscripts" time="0.054"/>
  <testcase name="validatefooterForMedia" classname="com.atmecs.testScripts.HomePagetestscripts" time="0.045"/>
  <testcase name="validatefooterForMedia" classname="com.atmecs.testScripts.HomePagetestscripts" time="0.045"/>
  <testcase name="validatefooterForMedia" classname="com.atmecs.testScripts.HomePagetestscripts" time="0.045"/>
  <testcase name="validatefooterForMedia" classname="com.atmecs.testScripts.HomePagetestscripts" time="0.04"/>
  <testcase name="validatefooterForMedia" classname="com.atmecs.testScripts.HomePagetestscripts" time="0.039"/>
  <testcase name="validatefooterForMedia" classname="com.atmecs.testScripts.HomePagetestscripts" time="0.042"/>
  <testcase name="validatefooterForMedia" classname="com.atmecs.testScripts.HomePagetestscripts" time="0.041"/>
  <testcase name="validatefooterForMedia" classname="com.atmecs.testScripts.HomePagetestscripts" time="0.036"/>
  <testcase name="validatefooterForMedia" classname="com.atmecs.testScripts.HomePagetestscripts" time="0.028"/>
  <testcase name="validatefooterForMedia" classname="com.atmecs.testScripts.HomePagetestscripts" time="0.026"/>
  <testcase name="validatefooterForMedia" classname="com.atmecs.testScripts.HomePagetestscripts" time="0.032"/>
  <testcase name="validatefooterForMedia" classname="com.atmecs.testScripts.HomePagetestscripts" time="0.031"/>
  <testcase name="validatefooterForMedia" classname="com.atmecs.testScripts.HomePagetestscripts" time="0.031"/>
  <testcase name="validatefooterForMedia" classname="com.atmecs.testScripts.HomePagetestscripts" time="0.002"/>
  <testcase name="clickContactUs" classname="com.atmecs.testScripts.HomePagetestscripts" time="2.348"/>
  <testcase name="validatefooterForContacts" classname="com.atmecs.testScripts.HomePagetestscripts" time="0.1"/>
  <testcase name="validatefooterForContacts" classname="com.atmecs.testScripts.HomePagetestscripts" time="0.053"/>
  <testcase name="validatefooterForContacts" classname="com.atmecs.testScripts.HomePagetestscripts" time="0.053"/>
  <testcase name="validatefooterForContacts" classname="com.atmecs.testScripts.HomePagetestscripts" time="0.053"/>
  <testcase name="validatefooterForContacts" classname="com.atmecs.testScripts.HomePagetestscripts" time="0.049"/>
  <testcase name="validatefooterForContacts" classname="com.atmecs.testScripts.HomePagetestscripts" time="0.065"/>
  <testcase name="validatefooterForContacts" classname="com.atmecs.testScripts.HomePagetestscripts" time="0.055"/>
  <testcase name="validatefooterForContacts" classname="com.atmecs.testScripts.HomePagetestscripts" time="0.051"/>
  <testcase name="validatefooterForContacts" classname="com.atmecs.testScripts.HomePagetestscripts" time="0.049"/>
  <testcase name="validatefooterForContacts" classname="com.atmecs.testScripts.HomePagetestscripts" time="0.047"/>
  <testcase name="validatefooterForContacts" classname="com.atmecs.testScripts.HomePagetestscripts" time="0.06"/>
  <testcase name="validatefooterForContacts" classname="com.atmecs.testScripts.HomePagetestscripts" time="0.048"/>
  <testcase name="validatefooterForContacts" classname="com.atmecs.testScripts.HomePagetestscripts" time="0.049"/>
  <testcase name="validatefooterForContacts" classname="com.atmecs.testScripts.HomePagetestscripts" time="0.05"/>
  <testcase name="validatefooterForContacts" classname="com.atmecs.testScripts.HomePagetestscripts" time="0.003"/>
  <testcase name="clickInsights" classname="com.atmecs.testScripts.HomePagetestscripts" time="0.098"/>
  <testcase name="validatefooterForInsights" classname="com.atmecs.testScripts.HomePagetestscripts" time="0.061"/>
  <testcase name="validatefooterForInsights" classname="com.atmecs.testScripts.HomePagetestscripts" time="0.046"/>
  <testcase name="validatefooterForInsights" classname="com.atmecs.testScripts.HomePagetestscripts" time="0.041"/>
  <testcase name="validatefooterForInsights" classname="com.atmecs.testScripts.HomePagetestscripts" time="0.041"/>
  <testcase name="validatefooterForInsights" classname="com.atmecs.testScripts.HomePagetestscripts" time="0.043"/>
  <testcase name="validatefooterForInsights" classname="com.atmecs.testScripts.HomePagetestscripts" time="0.043"/>
  <testcase name="validatefooterForInsights" classname="com.atmecs.testScripts.HomePagetestscripts" time="0.039"/>
  <testcase name="validatefooterForInsights" classname="com.atmecs.testScripts.HomePagetestscripts" time="0.039"/>
  <testcase name="validatefooterForInsights" classname="com.atmecs.testScripts.HomePagetestscripts" time="0.043"/>
  <testcase name="validatefooterForInsights" classname="com.atmecs.testScripts.HomePagetestscripts" time="0.042"/>
  <testcase name="validatefooterForInsights" classname="com.atmecs.testScripts.HomePagetestscripts" time="0.03"/>
  <testcase name="validatefooterForInsights" classname="com.atmecs.testScripts.HomePagetestscripts" time="0.026"/>
  <testcase name="validatefooterForInsights" classname="com.atmecs.testScripts.HomePagetestscripts" time="0.033"/>
  <testcase name="validatefooterForInsights" classname="com.atmecs.testScripts.HomePagetestscripts" time="0.031"/>
  <testcase name="validatefooterForInsights" classname="com.atmecs.testScripts.HomePagetestscripts" time="0.002"/>
  <testcase name="moveToDigitalLife" classname="com.atmecs.testScripts.ValidateAnchors" time="4.499"/>
  <testcase name="isDigitalLifeAnchorPresent" classname="com.atmecs.testScripts.ValidateAnchors" time="0.135">
    <failure message="footer is not present expected [Artificial Intelligence / Machine Learning] but found []" type="java.lang.AssertionError">java.lang.AssertionError: footer is not present expected [Artificial Intelligence / Machine Learning] but found []
	at com.atmecs.testScripts.ValidateAnchors.isDigitalLifeAnchorPresent(ValidateAnchors.java:37)
</failure>
    <system-out><![CDATA[logger executed
6
1

]]></system-out>
  </testcase>
  <testcase name="isDigitalLifeAnchorPresent" classname="com.atmecs.testScripts.ValidateAnchors" time="0.069"/>
  <testcase name="isDigitalLifeAnchorPresent" classname="com.atmecs.testScripts.ValidateAnchors" time="0.079"/>
  <testcase name="isDigitalLifeAnchorPresent" classname="com.atmecs.testScripts.ValidateAnchors" time="0.15"/>
  <testcase name="isDigitalLifeAnchorPresent" classname="com.atmecs.testScripts.ValidateAnchors" time="0.082"/>
  <testcase name="isDigitalLifeAnchorPresent" classname="com.atmecs.testScripts.ValidateAnchors" time="0"/>
  <testcase name="moveToInfrastructure" classname="com.atmecs.testScripts.ValidateAnchors" time="4.405"/>
  <testcase name="isInfrastructureAnchorPresent" classname="com.atmecs.testScripts.ValidateAnchors" time="0.077">
    <failure message="footer is not present expected [Infrastructure Management] but found []" type="java.lang.AssertionError">java.lang.AssertionError: footer is not present expected [Infrastructure Management] but found []
	at com.atmecs.testScripts.ValidateAnchors.isInfrastructureAnchorPresent(ValidateAnchors.java:44)
</failure>
    <system-out><![CDATA[logger executed
6
1

]]></system-out>
  </testcase>
  <testcase name="isInfrastructureAnchorPresent" classname="com.atmecs.testScripts.ValidateAnchors" time="0.054"/>
  <testcase name="isInfrastructureAnchorPresent" classname="com.atmecs.testScripts.ValidateAnchors" time="0.05"/>
  <testcase name="isInfrastructureAnchorPresent" classname="com.atmecs.testScripts.ValidateAnchors" time="0.063"/>
  <testcase name="isInfrastructureAnchorPresent" classname="com.atmecs.testScripts.ValidateAnchors" time="0.063"/>
  <testcase name="isInfrastructureAnchorPresent" classname="com.atmecs.testScripts.ValidateAnchors" time="0"/>
  <testcase name="anchorRedirection" classname="com.atmecs.testScripts.InsightsValidation" time="2.373">
    <failure message="Element &lt;a href=&quot;http://www.atmecs.com/blogs/&quot;&gt; could not be scrolled into view&#10;Build info: version: &apos;3.141.59&apos;, revision: &apos;e82be7d358&apos;, time: &apos;2018-11-14T08:17:03&apos;&#10;System info: host: &apos;ATMECSINLT-038&apos;, ip: &apos;55.55.52.193&apos;, os.name: &apos;Windows 10&apos;, os.arch: &apos;amd64&apos;, os.version: &apos;10.0&apos;, java.version: &apos;12.0.1&apos;&#10;Driver info: org.openqa.selenium.firefox.FirefoxDriver&#10;Capabilities {acceptInsecureCerts: true, browserName: firefox, browserVersion: 69.0.1, javascriptEnabled: true, moz:accessibilityChecks: false, moz:buildID: 20190917135527, moz:geckodriverVersion: 0.24.0, moz:headless: false, moz:processID: 16124, moz:profile: C:\Users\saurabh.chauhan\Ap..., moz:shutdownTimeout: 60000, moz:useNonSpecCompliantPointerOrigin: false, moz:webdriverClick: true, pageLoadStrategy: normal, platform: WINDOWS, platformName: WINDOWS, platformVersion: 10.0, rotatable: false, setWindowRect: true, strictFileInteractability: false, timeouts: {implicit: 0, pageLoad: 300000, script: 30000}, unhandledPromptBehavior: dismiss and notify}&#10;Session ID: 909c2369-8942-422d-be3b-8e3a0d7b29a9" type="org.openqa.selenium.ElementNotInteractableException"><![CDATA[org.openqa.selenium.ElementNotInteractableException: 
Element <a href="http://www.atmecs.com/blogs/"> could not be scrolled into view
Build info: version: '3.141.59', revision: 'e82be7d358', time: '2018-11-14T08:17:03'
System info: host: 'ATMECSINLT-038', ip: '55.55.52.193', os.name: 'Windows 10', os.arch: 'amd64', os.version: '10.0', java.version: '12.0.1'
Driver info: org.openqa.selenium.firefox.FirefoxDriver
Capabilities {acceptInsecureCerts: true, browserName: firefox, browserVersion: 69.0.1, javascriptEnabled: true, moz:accessibilityChecks: false, moz:buildID: 20190917135527, moz:geckodriverVersion: 0.24.0, moz:headless: false, moz:processID: 16124, moz:profile: C:\Users\saurabh.chauhan\Ap..., moz:shutdownTimeout: 60000, moz:useNonSpecCompliantPointerOrigin: false, moz:webdriverClick: true, pageLoadStrategy: normal, platform: WINDOWS, platformName: WINDOWS, platformVersion: 10.0, rotatable: false, setWindowRect: true, strictFileInteractability: false, timeouts: {implicit: 0, pageLoad: 300000, script: 30000}, unhandledPromptBehavior: dismiss and notify}
Session ID: 909c2369-8942-422d-be3b-8e3a0d7b29a9
	at com.atmecs.testScripts.InsightsValidation.anchorRedirection(InsightsValidation.java:31)
]]></failure>
    <system-out><![CDATA[logger executed
]]></system-out>
    <system-err><![CDATA[1569909799158	Marionette	INFO	Stopped listening on port 59164
IPDL protocol error: Handler returned error code!

###!!! [Parent][DispatchAsyncMessage] Error: PImageBridge::Msg_Update Processing error: message was deserialized, but the handler returned false (indicating failure)

[Child 20948, Chrome_ChildThread] WARNING: pipe error: 109: file z:/task_1568728986/build/src/ipc/chromium/src/chrome/common/ipc_channel_win.cc, line 341
[Child 20948, Chrome_ChildThread] WARNING: pipe error: 109: file z:/task_1568728986/build/src/ipc/chromium/src/chrome/common/ipc_channel_win.cc, line 341
IPDL protocol error: Handler returned error code!

###!!! [Parent][DispatchAsyncMessage] Error: PImageBridge::Msg_Update Processing error: message was deserialized, but the handler returned false (indicating failure)

IPDL protocol error: Handler returned error code!

###!!! [Parent][DispatchAsyncMessage] Error: PImageBridge::Msg_Update Processing error: message was deserialized, but the handler returned false (indicating failure)

[Child 18916, Chrome_ChildThread] WARNING: pipe error: 109: file z:/task_1568728986/build/src/ipc/chromium/src/chrome/common/ipc_channel_win.cc, line 341
[Child 18916, Chrome_ChildThread] WARNING: pipe error: 109: file z:/task_1568728986/build/src/ipc/chromium/src/chrome/common/ipc_channel_win.cc, line 341
[Parent 17744, Gecko_IOThread] WARNING: pipe error: 109: file z:/task_1568728986/build/src/ipc/chromium/src/chrome/common/ipc_channel_win.cc, line 341
[Child 20868, Chrome_ChildThread] WARNING: pipe error: 109: file z:/task_1568728986/build/src/ipc/chromium/src/chrome/common/ipc_channel_win.cc, line 341

###!!! [Child][RunMessage] Error: Channel closing: too late to send/recv, messages will be lost

[GPU 568, Chrome_ChildThread] WARNING: pipe error: 109: file z:/task_1568728986/build/s
###!!! [Child][MessageChannel::SendAndWait] Error: Channel error: cannot send/recv

1569909802258	mozrunner::runner	INFO	Running command: "C:\\Program Files\\Mozilla Firefox\\firefox.exe" "-marionette" "-foreground" "-no-remote" "-profile" "C:\\Users\\SAURAB~1.CHA\\AppData\\Local\\Temp\\rust_mozprofile.tCOnVaUWiGWK"
1569909803165	addons.webextension.screenshots@mozilla.org	WARN	Loading extension 'screenshots@mozilla.org': Reading manifest: Invalid extension permission: mozillaAddons
1569909803165	addons.webextension.screenshots@mozilla.org	WARN	Loading extension 'screenshots@mozilla.org': Reading manifest: Invalid extension permission: telemetry
1569909803165	addons.webextension.screenshots@mozilla.org	WARN	Loading extension 'screenshots@mozilla.org': Reading manifest: Invalid extension permission: resource://pdf.js/
1569909803165	addons.webextension.screenshots@mozilla.org	WARN	Loading extension 'screenshots@mozilla.org': Reading manifest: Invalid extension permission: about:reader*
JavaScript error: resource://gre/modules/XULStore.jsm, line 66: Error: Can't find profile directory.
1569909806929	Marionette	INFO	Listening on port 59203
1569909806994	Marionette	WARN	TLS certificate errors will be ignored for this session
Oct 01, 2019 11:33:27 AM org.openqa.selenium.remote.ProtocolHandshake createSession
INFO: Detected dialect: W3C
JavaScript error: http://www.atmecs.com/, line 569: TypeError: clock is null
]]></system-err>
  </testcase>
  <testcase name="validateDate" classname="com.atmecs.testScripts.InsightsValidation" time="6.076">
    <failure message="Unable to locate element: //time[contains(.,&apos;March 15, 2019&apos;)]&#10;For documentation on this error, please visit: https://www.seleniumhq.org/exceptions/no_such_element.html&#10;Build info: version: &apos;3.141.59&apos;, revision: &apos;e82be7d358&apos;, time: &apos;2018-11-14T08:17:03&apos;&#10;System info: host: &apos;ATMECSINLT-038&apos;, ip: &apos;55.55.52.193&apos;, os.name: &apos;Windows 10&apos;, os.arch: &apos;amd64&apos;, os.version: &apos;10.0&apos;, java.version: &apos;12.0.1&apos;&#10;Driver info: org.openqa.selenium.firefox.FirefoxDriver&#10;Capabilities {acceptInsecureCerts: true, browserName: firefox, browserVersion: 69.0.1, javascriptEnabled: true, moz:accessibilityChecks: false, moz:buildID: 20190917135527, moz:geckodriverVersion: 0.24.0, moz:headless: false, moz:processID: 16124, moz:profile: C:\Users\saurabh.chauhan\Ap..., moz:shutdownTimeout: 60000, moz:useNonSpecCompliantPointerOrigin: false, moz:webdriverClick: true, pageLoadStrategy: normal, platform: WINDOWS, platformName: WINDOWS, platformVersion: 10.0, rotatable: false, setWindowRect: true, strictFileInteractability: false, timeouts: {implicit: 0, pageLoad: 300000, script: 30000}, unhandledPromptBehavior: dismiss and notify}&#10;Session ID: 909c2369-8942-422d-be3b-8e3a0d7b29a9&#10;*** Element info: {Using=xpath, value=//time[contains(.,&apos;March 15, 2019&apos;)]}" type="org.openqa.selenium.NoSuchElementException">org.openqa.selenium.NoSuchElementException: 
Unable to locate element: //time[contains(.,'March 15, 2019')]
For documentation on this error, please visit: https://www.seleniumhq.org/exceptions/no_such_element.html
Build info: version: '3.141.59', revision: 'e82be7d358', time: '2018-11-14T08:17:03'
System info: host: 'ATMECSINLT-038', ip: '55.55.52.193', os.name: 'Windows 10', os.arch: 'amd64', os.version: '10.0', java.version: '12.0.1'
Driver info: org.openqa.selenium.firefox.FirefoxDriver
Capabilities {acceptInsecureCerts: true, browserName: firefox, browserVersion: 69.0.1, javascriptEnabled: true, moz:accessibilityChecks: false, moz:buildID: 20190917135527, moz:geckodriverVersion: 0.24.0, moz:headless: false, moz:processID: 16124, moz:profile: C:\Users\saurabh.chauhan\Ap..., moz:shutdownTimeout: 60000, moz:useNonSpecCompliantPointerOrigin: false, moz:webdriverClick: true, pageLoadStrategy: normal, platform: WINDOWS, platformName: WINDOWS, platformVersion: 10.0, rotatable: false, setWindowRect: true, strictFileInteractability: false, timeouts: {implicit: 0, pageLoad: 300000, script: 30000}, unhandledPromptBehavior: dismiss and notify}
Session ID: 909c2369-8942-422d-be3b-8e3a0d7b29a9
*** Element info: {Using=xpath, value=//time[contains(.,'March 15, 2019')]}
	at com.atmecs.testScripts.InsightsValidation.validateDate(InsightsValidation.java:42)
</failure>
    <system-out><![CDATA[logger executed
]]></system-out>
  </testcase>
  <testcase name="validateTitle" classname="com.atmecs.testScripts.InsightsValidation" time="6.043">
    <failure message="Unable to locate element: //h1[contains(@class,&apos;page-title&apos;)]&#10;For documentation on this error, please visit: https://www.seleniumhq.org/exceptions/no_such_element.html&#10;Build info: version: &apos;3.141.59&apos;, revision: &apos;e82be7d358&apos;, time: &apos;2018-11-14T08:17:03&apos;&#10;System info: host: &apos;ATMECSINLT-038&apos;, ip: &apos;55.55.52.193&apos;, os.name: &apos;Windows 10&apos;, os.arch: &apos;amd64&apos;, os.version: &apos;10.0&apos;, java.version: &apos;12.0.1&apos;&#10;Driver info: org.openqa.selenium.firefox.FirefoxDriver&#10;Capabilities {acceptInsecureCerts: true, browserName: firefox, browserVersion: 69.0.1, javascriptEnabled: true, moz:accessibilityChecks: false, moz:buildID: 20190917135527, moz:geckodriverVersion: 0.24.0, moz:headless: false, moz:processID: 16124, moz:profile: C:\Users\saurabh.chauhan\Ap..., moz:shutdownTimeout: 60000, moz:useNonSpecCompliantPointerOrigin: false, moz:webdriverClick: true, pageLoadStrategy: normal, platform: WINDOWS, platformName: WINDOWS, platformVersion: 10.0, rotatable: false, setWindowRect: true, strictFileInteractability: false, timeouts: {implicit: 0, pageLoad: 300000, script: 30000}, unhandledPromptBehavior: dismiss and notify}&#10;Session ID: 909c2369-8942-422d-be3b-8e3a0d7b29a9&#10;*** Element info: {Using=xpath, value=//h1[contains(@class,&apos;page-title&apos;)]}" type="org.openqa.selenium.NoSuchElementException">org.openqa.selenium.NoSuchElementException: 
Unable to locate element: //h1[contains(@class,'page-title')]
For documentation on this error, please visit: https://www.seleniumhq.org/exceptions/no_such_element.html
Build info: version: '3.141.59', revision: 'e82be7d358', time: '2018-11-14T08:17:03'
System info: host: 'ATMECSINLT-038', ip: '55.55.52.193', os.name: 'Windows 10', os.arch: 'amd64', os.version: '10.0', java.version: '12.0.1'
Driver info: org.openqa.selenium.firefox.FirefoxDriver
Capabilities {acceptInsecureCerts: true, browserName: firefox, browserVersion: 69.0.1, javascriptEnabled: true, moz:accessibilityChecks: false, moz:buildID: 20190917135527, moz:geckodriverVersion: 0.24.0, moz:headless: false, moz:processID: 16124, moz:profile: C:\Users\saurabh.chauhan\Ap..., moz:shutdownTimeout: 60000, moz:useNonSpecCompliantPointerOrigin: false, moz:webdriverClick: true, pageLoadStrategy: normal, platform: WINDOWS, platformName: WINDOWS, platformVersion: 10.0, rotatable: false, setWindowRect: true, strictFileInteractability: false, timeouts: {implicit: 0, pageLoad: 300000, script: 30000}, unhandledPromptBehavior: dismiss and notify}
Session ID: 909c2369-8942-422d-be3b-8e3a0d7b29a9
*** Element info: {Using=xpath, value=//h1[contains(@class,'page-title')]}
	at com.atmecs.testScripts.InsightsValidation.validateTitle(InsightsValidation.java:52)
</failure>
    <system-out><![CDATA[logger executed
]]></system-out>
  </testcase>
  <testcase name="validateBreadCrumb" classname="com.atmecs.testScripts.InsightsValidation" time="10.139">
    <failure message="Unable to locate element: (//span[@class=&apos;breadcrumb&apos;])[2]&#10;For documentation on this error, please visit: https://www.seleniumhq.org/exceptions/no_such_element.html&#10;Build info: version: &apos;3.141.59&apos;, revision: &apos;e82be7d358&apos;, time: &apos;2018-11-14T08:17:03&apos;&#10;System info: host: &apos;ATMECSINLT-038&apos;, ip: &apos;55.55.52.193&apos;, os.name: &apos;Windows 10&apos;, os.arch: &apos;amd64&apos;, os.version: &apos;10.0&apos;, java.version: &apos;12.0.1&apos;&#10;Driver info: org.openqa.selenium.firefox.FirefoxDriver&#10;Capabilities {acceptInsecureCerts: true, browserName: firefox, browserVersion: 69.0.1, javascriptEnabled: true, moz:accessibilityChecks: false, moz:buildID: 20190917135527, moz:geckodriverVersion: 0.24.0, moz:headless: false, moz:processID: 16124, moz:profile: C:\Users\saurabh.chauhan\Ap..., moz:shutdownTimeout: 60000, moz:useNonSpecCompliantPointerOrigin: false, moz:webdriverClick: true, pageLoadStrategy: normal, platform: WINDOWS, platformName: WINDOWS, platformVersion: 10.0, rotatable: false, setWindowRect: true, strictFileInteractability: false, timeouts: {implicit: 0, pageLoad: 300000, script: 30000}, unhandledPromptBehavior: dismiss and notify}&#10;Session ID: 909c2369-8942-422d-be3b-8e3a0d7b29a9&#10;*** Element info: {Using=xpath, value=(//span[@class=&apos;breadcrumb&apos;])[2]}" type="org.openqa.selenium.NoSuchElementException">org.openqa.selenium.NoSuchElementException: 
Unable to locate element: (//span[@class='breadcrumb'])[2]
For documentation on this error, please visit: https://www.seleniumhq.org/exceptions/no_such_element.html
Build info: version: '3.141.59', revision: 'e82be7d358', time: '2018-11-14T08:17:03'
System info: host: 'ATMECSINLT-038', ip: '55.55.52.193', os.name: 'Windows 10', os.arch: 'amd64', os.version: '10.0', java.version: '12.0.1'
Driver info: org.openqa.selenium.firefox.FirefoxDriver
Capabilities {acceptInsecureCerts: true, browserName: firefox, browserVersion: 69.0.1, javascriptEnabled: true, moz:accessibilityChecks: false, moz:buildID: 20190917135527, moz:geckodriverVersion: 0.24.0, moz:headless: false, moz:processID: 16124, moz:profile: C:\Users\saurabh.chauhan\Ap..., moz:shutdownTimeout: 60000, moz:useNonSpecCompliantPointerOrigin: false, moz:webdriverClick: true, pageLoadStrategy: normal, platform: WINDOWS, platformName: WINDOWS, platformVersion: 10.0, rotatable: false, setWindowRect: true, strictFileInteractability: false, timeouts: {implicit: 0, pageLoad: 300000, script: 30000}, unhandledPromptBehavior: dismiss and notify}
Session ID: 909c2369-8942-422d-be3b-8e3a0d7b29a9
*** Element info: {Using=xpath, value=(//span[@class='breadcrumb'])[2]}
	at com.atmecs.testScripts.InsightsValidation.validateBreadCrumb(InsightsValidation.java:62)
</failure>
    <system-out><![CDATA[logger executed
]]></system-out>
    <system-err><![CDATA[JavaScript error: http://www.atmecs.com/blogs/, line 479: TypeError: clock is null
]]></system-err>
  </testcase>
  <testcase name="validateErrorMsg" classname="com.atmecs.testScripts.InsightsValidation" time="6.074">
    <failure message="Unable to locate element: (//div[@id=&apos;respond&apos;]//form//p[@class=&apos;form-submit&apos;]//input)[1]&#10;For documentation on this error, please visit: https://www.seleniumhq.org/exceptions/no_such_element.html&#10;Build info: version: &apos;3.141.59&apos;, revision: &apos;e82be7d358&apos;, time: &apos;2018-11-14T08:17:03&apos;&#10;System info: host: &apos;ATMECSINLT-038&apos;, ip: &apos;55.55.52.193&apos;, os.name: &apos;Windows 10&apos;, os.arch: &apos;amd64&apos;, os.version: &apos;10.0&apos;, java.version: &apos;12.0.1&apos;&#10;Driver info: org.openqa.selenium.firefox.FirefoxDriver&#10;Capabilities {acceptInsecureCerts: true, browserName: firefox, browserVersion: 69.0.1, javascriptEnabled: true, moz:accessibilityChecks: false, moz:buildID: 20190917135527, moz:geckodriverVersion: 0.24.0, moz:headless: false, moz:processID: 16124, moz:profile: C:\Users\saurabh.chauhan\Ap..., moz:shutdownTimeout: 60000, moz:useNonSpecCompliantPointerOrigin: false, moz:webdriverClick: true, pageLoadStrategy: normal, platform: WINDOWS, platformName: WINDOWS, platformVersion: 10.0, rotatable: false, setWindowRect: true, strictFileInteractability: false, timeouts: {implicit: 0, pageLoad: 300000, script: 30000}, unhandledPromptBehavior: dismiss and notify}&#10;Session ID: 909c2369-8942-422d-be3b-8e3a0d7b29a9&#10;*** Element info: {Using=xpath, value=(//div[@id=&apos;respond&apos;]//form//p[@class=&apos;form-submit&apos;]//input)[1]}" type="org.openqa.selenium.NoSuchElementException">org.openqa.selenium.NoSuchElementException: 
Unable to locate element: (//div[@id='respond']//form//p[@class='form-submit']//input)[1]
For documentation on this error, please visit: https://www.seleniumhq.org/exceptions/no_such_element.html
Build info: version: '3.141.59', revision: 'e82be7d358', time: '2018-11-14T08:17:03'
System info: host: 'ATMECSINLT-038', ip: '55.55.52.193', os.name: 'Windows 10', os.arch: 'amd64', os.version: '10.0', java.version: '12.0.1'
Driver info: org.openqa.selenium.firefox.FirefoxDriver
Capabilities {acceptInsecureCerts: true, browserName: firefox, browserVersion: 69.0.1, javascriptEnabled: true, moz:accessibilityChecks: false, moz:buildID: 20190917135527, moz:geckodriverVersion: 0.24.0, moz:headless: false, moz:processID: 16124, moz:profile: C:\Users\saurabh.chauhan\Ap..., moz:shutdownTimeout: 60000, moz:useNonSpecCompliantPointerOrigin: false, moz:webdriverClick: true, pageLoadStrategy: normal, platform: WINDOWS, platformName: WINDOWS, platformVersion: 10.0, rotatable: false, setWindowRect: true, strictFileInteractability: false, timeouts: {implicit: 0, pageLoad: 300000, script: 30000}, unhandledPromptBehavior: dismiss and notify}
Session ID: 909c2369-8942-422d-be3b-8e3a0d7b29a9
*** Element info: {Using=xpath, value=(//div[@id='respond']//form//p[@class='form-submit']//input)[1]}
	at com.atmecs.testScripts.InsightsValidation.validateErrorMsg(InsightsValidation.java:70)
</failure>
    <system-out><![CDATA[logger executed
]]></system-out>
  </testcase>
</testsuite>